TN:
SF:src/MapReduce.ts
FN:7,(anonymous_0)
FN:9,(anonymous_1)
FN:20,(anonymous_2)
FN:22,(anonymous_3)
FN:33,(anonymous_4)
FN:35,(anonymous_5)
FN:46,(anonymous_6)
FN:48,(anonymous_7)
FNF:8
FNH:8
FNDA:1,(anonymous_0)
FNDA:5,(anonymous_1)
FNDA:1,(anonymous_2)
FNDA:5,(anonymous_3)
FNDA:1,(anonymous_4)
FNDA:5,(anonymous_5)
FNDA:1,(anonymous_6)
FNDA:5,(anonymous_7)
DA:1,1
DA:6,1
DA:8,1
DA:9,1
DA:10,5
DA:12,1
DA:19,1
DA:21,1
DA:22,1
DA:23,5
DA:25,1
DA:32,1
DA:34,1
DA:35,1
DA:36,5
DA:38,1
DA:45,1
DA:47,1
DA:48,1
DA:49,5
DA:51,1
LF:21
LH:21
BRF:0
BRH:0
end_of_record
TN:
SF:src/abstract/MapReduceTemplate.ts
FN:12,(anonymous_0)
FN:14,(anonymous_1)
FN:33,(anonymous_2)
FN:41,(anonymous_3)
FN:44,(anonymous_4)
FN:47,(anonymous_5)
FN:50,(anonymous_6)
FNF:7
FNH:3
FNDA:4,(anonymous_0)
FNDA:20,(anonymous_1)
FNDA:4,(anonymous_2)
FNDA:0,(anonymous_3)
FNDA:0,(anonymous_4)
FNDA:0,(anonymous_5)
FNDA:0,(anonymous_6)
DA:5,1
DA:13,4
DA:14,4
DA:15,20
DA:17,4
DA:34,4
DA:35,4
DA:36,4
LF:8
LH:8
BRF:0
BRH:0
end_of_record
